11-27-2018 14:43:01. : demoKey : Wrote command to lock the door to communication file
11-27-2018 14:43:02. : demoKey : Wrote command to unlock the door to communication file
11-27-2018 14:43:05. : demoKey : Wrote command to lock the door to communication file
11-27-2018 14:43:08. : demoKey : Wrote command to unlock the door to communication file
11-27-2018 14:43:15. : demoKey : Wrote command to lock the door to communication file
11-27-2018 14:43:19. : demoKey : Wrote command to unlock the door to communication file
11-27-2018 14:43:27. : demoKey : Wrote command to lock the door to communication file
11-27-2018 14:43:28. : demoKey : Wrote command to unlock the door to communication file
11-27-2018 14:43:29. : demoKey : Wrote command to lock the door to communication file
11-27-2018 14:43:30. : demoKey : Wrote command to unlock the door to communication file
11-27-2018 14:43:31. : demoKey : Wrote command to lock the door to communication file
11-27-2018 14:43:32. : demoKey : Wrote command to unlock the door to communication file
11-27-2018 14:43:33. : demoKey : Wrote command to lock the door to communication file
11-27-2018 14:43:36. : demoKey : Wrote command to unlock the door to communication file
11-27-2018 14:43:37. : demoKey : Wrote command to lock the door to communication file
11-27-2018 14:43:38. : demoKey : Wrote command to unlock the door to communication file
11-27-2018 14:43:38. : demoKey : Wrote command to lock the door to communication file
11-27-2018 14:43:56. : demoKey : Wrote command to unlock the door to communication file
11-27-2018 14:43:57. : demoKey : Wrote command to lock the door to communication file
11-27-2018 14:43:59. : demoKey : Wrote command to unlock the door to communication file
11-27-2018 14:44:26. : demoKey : Wrote command to lock the door to communication file
11-27-2018 14:44:27. : demoKey : Wrote command to unlock the door to communication file
11-27-2018 14:44:30. : demoKey : Wrote command to lock the door to communication file
11-27-2018 14:44:50. : demoKey : Wrote command to unlock the door to communication file
11-27-2018 14:47:33. : demoKey : Wrote command to lock the door to communication file
11-27-2018 14:47:40. : demoKey : Wrote command to unlock the door to communication file
11-27-2018 14:47:43. : demoKey : Wrote command to lock the door to communication file
11-27-2018 14:47:48. : demoKey : Wrote command to unlock the door to communication file
11-27-2018 14:47:50. : demoKey : Wrote command to lock the door to communication file
11-27-2018 14:47:57. : demoKey : Wrote command to unlock the door to communication file
11-27-2018 14:47:58. : demoKey : Wrote command to lock the door to communication file
11-27-2018 14:48:01. : demoKey : Wrote command to unlock the door to communication file
11-27-2018 14:48:03. : demoKey : Wrote command to lock the door to communication file
11-27-2018 14:53:11. : demoKey : Wrote command to lock the door to communication file
11-27-2018 14:53:13. : demoKey : Wrote command to unlock the door to communication file
11-27-2018 14:53:17. : demoKey : Wrote command to lock the door to communication file
11-27-2018 14:53:33. : demoKey : Wrote command to unlock the door to communication file
11-27-2018 14:53:39. : demoKey : Wrote command to lock the door to communication file
11-27-2018 14:59:34. : demoKey : Wrote command to lock the door to communication file
11-27-2018 14:59:37. : demoKey : Wrote command to unlock the door to communication file
11-27-2018 14:59:39. : demoKey : Wrote command to lock the door to communication file
11-27-2018 15:05:46. : demoKey : Wrote command to lock the door to communication file
11-27-2018 15:05:47. : demoKey : Wrote command to unlock the door to communication file
11-27-2018 15:05:52. : demoKey : Wrote command to lock the door to communication file
11-27-2018 15:05:55. : demoKey : Wrote command to unlock the door to communication file
11-27-2018 15:06:00. : demoKey : Wrote command to lock the door to communication file
11-27-2018 15:06:01. : demoKey : Wrote command to unlock the door to communication file
11-27-2018 15:08:54. : demoKey : Wrote command to lock the door to communication file
11-27-2018 15:08:56. : demoKey : Wrote command to unlock the door to communication file
11-27-2018 15:08:57. : demoKey : Wrote command to lock the door to communication file
11-27-2018 15:08:59. : demoKey : Wrote command to unlock the door to communication file
11-27-2018 15:09:00. : demoKey : Wrote command to lock the door to communication file
11-27-2018 15:09:02. : demoKey : Wrote command to unlock the door to communication file
11-27-2018 15:09:03. : demoKey : Wrote command to lock the door to communication file
11-27-2018 15:09:04. : demoKey : Wrote command to unlock the door to communication file
11-27-2018 15:09:06. : demoKey : Wrote command to lock the door to communication file
11-27-2018 15:09:30. : demoKey : Wrote command to unlock the door to communication file
11-27-2018 15:09:31. : demoKey : Wrote command to lock the door to communication file
11-27-2018 15:09:32. : demoKey : Wrote command to unlock the door to communication file
11-27-2018 15:09:51. : demoKey : Wrote command to lock the door to communication file
11-27-2018 15:09:51. : demoKey : Wrote command to unlock the door to communication file
11-27-2018 15:12:32. : demoKey : Wrote command to lock the door to communication file
11-27-2018 15:12:52. : demoKey : Wrote command to unlock the door to communication file
11-27-2018 15:12:53. : demoKey : Wrote command to lock the door to communication file
11-27-2018 15:17:31. : demoKey : Wrote command to lock the door to communication file
11-27-2018 15:17:33. : demoKey : Wrote command to unlock the door to communication file
11-27-2018 15:17:34. : demoKey : Wrote command to lock the door to communication file
11-27-2018 15:37:21. : demoKey : Wrote command to lock the door to communication file
11-27-2018 15:37:23. : demoKey : Wrote command to unlock the door to communication file
11-27-2018 15:37:24. : demoKey : Wrote command to lock the door to communication file
11-27-2018 15:37:27. : demoKey : Wrote command to unlock the door to communication file
11-27-2018 15:37:29. : demoKey : Wrote command to lock the door to communication file
11-27-2018 15:37:32. : demoKey : Wrote command to unlock the door to communication file
11-27-2018 15:37:33. : demoKey : Wrote command to lock the door to communication file
11-27-2018 15:37:36. : demoKey : Wrote command to unlock the door to communication file
11-27-2018 15:37:37. : demoKey : Wrote command to lock the door to communication file
11-27-2018 15:37:39. : demoKey : Wrote command to unlock the door to communication file
11-27-2018 15:37:42. : demoKey : Wrote command to lock the door to communication file
11-27-2018 15:37:44. : demoKey : Wrote command to unlock the door to communication file
11-27-2018 15:37:46. : demoKey : Wrote command to lock the door to communication file
11-27-2018 15:37:48. : demoKey : Wrote command to unlock the door to communication file
11-27-2018 15:37:50. : demoKey : Wrote command to lock the door to communication file
11-27-2018 15:37:53. : demoKey : Wrote command to unlock the door to communication file
11-27-2018 15:37:55. : demoKey : Wrote command to lock the door to communication file
11-27-2018 15:38:01. : demoKey : Wrote command to unlock the door to communication file
11-27-2018 15:41:22. : demoKey : Wrote command to lock the door to communication file
11-27-2018 15:41:25. : demoKey : Wrote command to unlock the door to communication file
11-27-2018 15:41:27. : demoKey : Wrote command to lock the door to communication file
11-27-2018 15:41:30. : demoKey : Wrote command to unlock the door to communication file
11-27-2018 15:41:33. : demoKey : Wrote command to lock the door to communication file
11-27-2018 15:41:40. : demoKey : Wrote command to unlock the door to communication file
11-27-2018 15:41:44. : demoKey : Wrote command to lock the door to communication file
11-27-2018 15:43:50. : demoKey : Wrote command to lock the door to communication file
11-27-2018 15:55:05. : demoKey : Wrote command to lock the door to communication file
11-27-2018 15:55:07. : demoKey : Wrote command to unlock the door to communication file
11-27-2018 15:55:08. : demoKey : Wrote command to lock the door to communication file
11-27-2018 15:55:10. : demoKey : Wrote command to unlock the door to communication file
11-27-2018 15:55:11. : demoKey : Wrote command to lock the door to communication file
11-27-2018 15:55:13. : demoKey : Wrote command to unlock the door to communication file
11-27-2018 15:55:15. : demoKey : Wrote command to lock the door to communication file
11-27-2018 15:55:17. : demoKey : Wrote command to unlock the door to communication file
11-27-2018 15:55:19. : demoKey : Wrote command to lock the door to communication file
11-27-2018 15:55:21. : demoKey : Wrote command to unlock the door to communication file
11-27-2018 15:55:23. : demoKey : Wrote command to lock the door to communication file
11-27-2018 15:55:25. : demoKey : Wrote command to unlock the door to communication file
11-27-2018 15:55:27. : demoKey : Wrote command to lock the door to communication file
11-27-2018 15:55:29. : demoKey : Wrote command to unlock the door to communication file
11-27-2018 15:55:31. : demoKey : Wrote command to lock the door to communication file
11-27-2018 15:55:34. : demoKey : Wrote command to unlock the door to communication file
11-27-2018 15:55:36. : demoKey : Wrote command to lock the door to communication file
11-27-2018 15:55:38. : demoKey : Wrote command to unlock the door to communication file
11-27-2018 15:55:40. : demoKey : Wrote command to lock the door to communication file
11-27-2018 15:55:51. : demoKey : Wrote command to unlock the door to communication file
11-27-2018 15:58:26. : demoKey : Wrote command to lock the door to communication file
11-27-2018 15:58:27. : demoKey : Wrote command to unlock the door to communication file
11-27-2018 15:58:29. : demoKey : Wrote command to lock the door to communication file
11-27-2018 15:58:30. : demoKey : Wrote command to unlock the door to communication file
11-27-2018 15:58:31. : demoKey : Wrote command to lock the door to communication file
11-27-2018 15:58:31. : demoKey : Wrote command to unlock the door to communication file
11-27-2018 15:58:32. : demoKey : Wrote command to lock the door to communication file
11-27-2018 15:58:32. : demoKey : Wrote command to unlock the door to communication file
11-27-2018 15:58:32. : demoKey : Wrote command to lock the door to communication file
11-27-2018 15:58:32. : demoKey : Wrote command to unlock the door to communication file
11-27-2018 15:58:33. : demoKey : Wrote command to lock the door to communication file
11-27-2018 15:58:33. : demoKey : Wrote command to unlock the door to communication file
11-27-2018 15:58:33. : demoKey : Wrote command to lock the door to communication file
11-27-2018 15:58:33. : demoKey : Wrote command to unlock the door to communication file
11-27-2018 15:58:34. : demoKey : Wrote command to lock the door to communication file
11-27-2018 15:58:34. : demoKey : Wrote command to unlock the door to communication file
11-27-2018 15:58:34. : demoKey : Wrote command to lock the door to communication file
11-27-2018 15:58:35. : demoKey : Wrote command to unlock the door to communication file
11-27-2018 15:58:35. : demoKey : Wrote command to lock the door to communication file
11-27-2018 15:58:35. : demoKey : Wrote command to unlock the door to communication file
11-27-2018 15:58:36. : demoKey : Wrote command to lock the door to communication file
11-27-2018 15:58:36. : demoKey : Wrote command to unlock the door to communication file
11-27-2018 16:03:07. : demoKey : The program has started.

11-27-2018 16:03:07. : demoKey : The log file has been opened.

11-27-2018 16:03:10. : demoKey : The program has started.

11-27-2018 16:03:10. : demoKey : The log file has been opened.

11-27-2018 16:04:21. : demoKey : The program has started.

11-27-2018 16:04:21. : demoKey : The log file has been opened.

11-27-2018 16:04:21. : demoKey : The Watchdog time limit has been set

11-27-2018 16:04:21. : demoKey : The GPIO pins have been initialized

11-27-2018 16:04:24. : demoKey : Wrote command to lock the door to communication file
11-27-2018 16:04:24. : demoKey : Wrote command to unlock the door to communication file
11-27-2018 16:04:25. : demoKey : Wrote command to lock the door to communication file
11-27-2018 16:04:26. : demoKey : Wrote command to unlock the door to communication file
11-27-2018 16:04:32. : demoKey : Wrote command to lock the door to communication file
11-27-2018 16:04:33. : demoKey : Wrote command to unlock the door to communication file
11-27-2018 16:04:34. : demoKey : Wrote command to lock the door to communication file
11-27-2018 16:04:39. : demoKey : Wrote command to unlock the door to communication file
11-27-2018 16:04:39. : demoKey : Wrote command to lock the door to communication file
11-27-2018 16:04:42. : demoKey : Wrote command to unlock the door to communication file
11-27-2018 16:04:43. : demoKey : Wrote command to lock the door to communication file
11-27-2018 16:07:49. : demoKey : The program has started.

11-27-2018 16:07:49. : demoKey : The log file has been opened.

11-27-2018 16:07:49. : demoKey : The Watchdog time limit has been set

11-27-2018 16:07:49. : demoKey : The GPIO pins have been initialized

11-27-2018 16:07:51. : demoKey : Wrote command to lock the door to communication file
11-27-2018 16:07:53. : demoKey : Wrote command to unlock the door to communication file
11-27-2018 16:07:54. : demoKey : Wrote command to lock the door to communication file
11-27-2018 16:07:59. : demoKey : Wrote command to unlock the door to communication file
11-27-2018 16:08:00. : demoKey : Wrote command to lock the door to communication file
11-27-2018 16:08:07. : demoKey : Wrote command to unlock the door to communication file
11-27-2018 16:08:08. : demoKey : Wrote command to lock the door to communication file
11-27-2018 16:08:14. : demoKey : Wrote command to unlock the door to communication file
11-27-2018 16:08:17. : demoKey : Wrote command to lock the door to communication file
11-27-2018 16:08:19. : demoKey : Wrote command to unlock the door to communication file
11-27-2018 16:08:52. : demoKey : The program has started.

11-27-2018 16:08:52. : demoKey : The log file has been opened.

11-27-2018 16:08:52. : demoKey : The Watchdog time limit has been set

11-27-2018 16:08:52. : demoKey : The GPIO pins have been initialized

11-27-2018 16:08:53. : demoKey : Wrote command to lock the door to communication file
11-27-2018 16:08:54. : demoKey : Wrote command to unlock the door to communication file
11-27-2018 16:08:55. : demoKey : Wrote command to lock the door to communication file
11-27-2018 16:08:57. : demoKey : Wrote command to unlock the door to communication file
11-27-2018 16:08:59. : demoKey : Wrote command to lock the door to communication file
11-27-2018 16:09:05. : demoKey : Wrote command to unlock the door to communication file
11-27-2018 16:09:09. : demoKey : Wrote command to lock the door to communication file
11-27-2018 16:09:13. : demoKey : Wrote command to unlock the door to communication file
11-27-2018 16:20:32. : demoKey : The program has started.

11-27-2018 16:20:32. : demoKey : The log file has been opened.

11-27-2018 16:20:32. : demoKey : The Watchdog time limit has been set

11-27-2018 16:20:32. : demoKey : The GPIO pins have been initialized

11-27-2018 16:20:41. : demoKey : Wrote command to lock the door to communication file
11-27-2018 16:20:44. : demoKey : Wrote command to unlock the door to communication file
11-27-2018 16:20:47. : demoKey : Wrote command to lock the door to communication file
11-27-2018 16:20:53. : demoKey : Wrote command to unlock the door to communication file
11-27-2018 16:20:55. : demoKey : Wrote command to lock the door to communication file
11-27-2018 16:21:05. : demoKey : Wrote command to unlock the door to communication file
11-27-2018 16:21:07. : demoKey : Wrote command to lock the door to communication file
11-27-2018 16:35:08. : demoKey : The program has started.

11-27-2018 16:35:08. : demoKey : The log file has been opened.

11-27-2018 16:35:08. : demoKey : The Watchdog time limit has been set

11-27-2018 16:35:08. : demoKey : The GPIO pins have been initialized

11-27-2018 16:35:12. : demoKey : Wrote command to lock the door to communication file
11-27-2018 16:35:14. : demoKey : Wrote command to unlock the door to communication file
11-27-2018 16:35:15. : demoKey : Wrote command to lock the door to communication file
11-27-2018 16:35:17. : demoKey : Wrote command to unlock the door to communication file
11-27-2018 16:35:19. : demoKey : Wrote command to lock the door to communication file
11-27-2018 16:35:22. : demoKey : Wrote command to unlock the door to communication file
11-27-2018 16:35:24. : demoKey : Wrote command to lock the door to communication file
11-27-2018 16:35:26. : demoKey : Wrote command to unlock the door to communication file
11-27-2018 16:35:29. : demoKey : Wrote command to lock the door to communication file
11-27-2018 16:35:31. : demoKey : Wrote command to unlock the door to communication file
11-27-2018 16:35:33. : demoKey : Wrote command to lock the door to communication file
